Using pre-set license
Built from '2020.3/staging' branch; Version is '2020.3.17f1 (a4537701e4ab) revision 10769271'; Using compiler version '192528614'; Build Type 'Release'
OS: 'Windows 10 Home Single Language; OS build 22523.1000; Version 2009; 64bit' Language: 'en' Physical Memory: 15790 MB
BatchMode: 1, IsHumanControllingUs: 0, StartBugReporterOnCrash: 0, Is64bit: 1, IsPro: 0

COMMAND LINE ARGUMENTS:
C:\Program Files\Unity\Hub\Editor\2020.3.17f1\Editor\Unity.exe
-adb2
-batchMode
-noUpm
-name
AssetImportWorker0
-projectPath
D:/Unity Projects/Tesseract
-logFile
Logs/AssetImportWorker0.log
-srvPort
60815
Successfully changed project path to: D:/Unity Projects/Tesseract
D:/Unity Projects/Tesseract
Using Asset Import Pipeline V2.
Refreshing native plugins compatible for Editor in 31.93 ms, found 2 plugins.
Preloading 0 native plugins for Editor in 0.00 ms.
Initialize engine version: 2020.3.17f1 (a4537701e4ab)
[Subsystems] Discovering subsystems at path C:/Program Files/Unity/Hub/Editor/2020.3.17f1/Editor/Data/Resources/UnitySubsystems
[Subsystems] Discovering subsystems at path D:/Unity Projects/Tesseract/Assets
GfxDevice: creating device client; threaded=0
Direct3D:
    Version:  Direct3D 11.0 [level 11.1]
    Renderer: NVIDIA GeForce GTX 1650 (ID=0x1f99)
    Vendor:   
    VRAM:     3962 MB
    Driver:   30.0.14.9729
Initialize mono
Mono path[0] = 'C:/Program Files/Unity/Hub/Editor/2020.3.17f1/Editor/Data/Managed'
Mono path[1] = 'C:/Program Files/Unity/Hub/Editor/2020.3.17f1/Editor/Data/MonoBleedingEdge/lib/mono/unityjit'
Mono config path = 'C:/Program Files/Unity/Hub/Editor/2020.3.17f1/Editor/Data/MonoBleedingEdge/etc'
Using monoOptions --debugger-agent=transport=dt_socket,embedding=1,server=y,suspend=n,address=127.0.0.1:56868
Begin MonoManager ReloadAssembly
Registering precompiled unity dll's ...
Register platform support module: C:/Program Files/Unity/Hub/Editor/2020.3.17f1/Editor/Data/PlaybackEngines/WindowsStandaloneSupport/UnityEditor.WindowsStandalone.Extensions.dll
Registered in 0.001934 seconds.
Native extension for WindowsStandalone target not found
Refreshing native plugins compatible for Editor in 28.41 ms, found 2 plugins.
Preloading 0 native plugins for Editor in 0.00 ms.
Mono: successfully reloaded assembly
- Completed reload, in  2.775 seconds
Domain Reload Profiling:
	ReloadAssembly (2775ms)
		BeginReloadAssembly (65ms)
			ExecutionOrderSort (0ms)
			DisableScriptedObjects (0ms)
			BackupInstance (0ms)
			ReleaseScriptingObjects (0ms)
			CreateAndSetChildDomain (1ms)
		EndReloadAssembly (407ms)
			LoadAssemblies (62ms)
			RebuildTransferFunctionScriptingTraits (0ms)
			SetupTypeCache (145ms)
			ReleaseScriptCaches (0ms)
			RebuildScriptCaches (33ms)
			SetupLoadedEditorAssemblies (157ms)
				LogAssemblyErrors (0ms)
				InitializePlatformSupportModulesInManaged (4ms)
				SetLoadedEditorAssemblies (0ms)
				RefreshPlugins (28ms)
				BeforeProcessingInitializeOnLoad (18ms)
				ProcessInitializeOnLoadAttributes (74ms)
				ProcessInitializeOnLoadMethodAttributes (32ms)
				AfterProcessingInitializeOnLoad (0ms)
				EditorAssembliesLoaded (0ms)
			ExecutionOrderSort2 (0ms)
			AwakeInstancesAfterBackupRestoration (0ms)
Platform modules already initialized, skipping
Registering precompiled user dll's ...
Registered in 0.002546 seconds.
Begin MonoManager ReloadAssembly
Native extension for WindowsStandalone target not found
Refreshing native plugins compatible for Editor in 0.42 ms, found 2 plugins.
Preloading 0 native plugins for Editor in 0.00 ms.
Mono: successfully reloaded assembly
- Completed reload, in  1.089 seconds
Domain Reload Profiling:
	ReloadAssembly (1090ms)
		BeginReloadAssembly (135ms)
			ExecutionOrderSort (0ms)
			DisableScriptedObjects (4ms)
			BackupInstance (0ms)
			ReleaseScriptingObjects (0ms)
			CreateAndSetChildDomain (18ms)
		EndReloadAssembly (897ms)
			LoadAssemblies (79ms)
			RebuildTransferFunctionScriptingTraits (0ms)
			SetupTypeCache (261ms)
			ReleaseScriptCaches (0ms)
			RebuildScriptCaches (41ms)
			SetupLoadedEditorAssemblies (410ms)
				LogAssemblyErrors (0ms)
				InitializePlatformSupportModulesInManaged (6ms)
				SetLoadedEditorAssemblies (1ms)
				RefreshPlugins (1ms)
				BeforeProcessingInitializeOnLoad (91ms)
				ProcessInitializeOnLoadAttributes (297ms)
				ProcessInitializeOnLoadMethodAttributes (4ms)
				AfterProcessingInitializeOnLoad (10ms)
				EditorAssembliesLoaded (0ms)
			ExecutionOrderSort2 (0ms)
			AwakeInstancesAfterBackupRestoration (9ms)
Platform modules already initialized, skipping
========================================================================
Worker process is ready to serve import requests
Launched and connected shader compiler UnityShaderCompiler.exe after 0.06 seconds
Refreshing native plugins compatible for Editor in 0.39 ms, found 2 plugins.
Preloading 0 native plugins for Editor in 0.00 ms.
Unloading 1399 Unused Serialized files (Serialized files now loaded: 0)
System memory in use before: 65.1 MB.
System memory in use after: 65.2 MB.

Unloading 18 unused Assets to reduce memory usage. Loaded Objects now: 1834.
Total: 4.067700 ms (FindLiveObjects: 0.174600 ms CreateObjectMapping: 0.034300 ms MarkObjects: 3.779200 ms  DeleteObjects: 0.078200 ms)

AssetImportParameters requested are different than current active one (requested -> active):
  custom:framework-win-MediaFoundation: 216162199b28c13a410421893ffa2e32 -> 
  custom:video-decoder-ogg-theora: a1e56fd34408186e4bbccfd4996cb3dc -> 
  custom:container-muxer-webm: aa71ff27fc2769a1b78a27578f13a17b -> 
  custom:container-demuxer-webm: 4f35f7cbe854078d1ac9338744f61a02 -> 
  custom:container-demuxer-ogg: 62fdf1f143b41e24485cea50d1cbac27 -> 
  custom:video-encoder-webm-vp8: eb34c28f22e8b96e1ab97ce403110664 -> 
  custom:video-codec-MediaFoundation-h265: 746d11721c4dcdbdad8f713fa42b33f4 -> 
  custom:video-decoder-webm-vp8: 9c59270c3fd7afecdb556c50c9e8de78 -> 
  custom:audio-decoder-ogg-vorbis: bf7c407c2cedff20999df2af8eb42d56 -> 
  custom:audio-encoder-webm-vorbis: bf7c407c2cedff20999df2af8eb42d56 -> 
========================================================================
Received Import Request.
  path: Assets/Scripts/Tesseract.cs
  artifactKey: Guid(6f1b70586bb060346a6019c98e199944) Importer(815301076,1909f56bfc062723c751e8b465ee728b)
Start importing Assets/Scripts/Tesseract.cs using Guid(6f1b70586bb060346a6019c98e199944) Importer(815301076,1909f56bfc062723c751e8b465ee728b)  -> (artifact id: '0c573b044f741a30c1cbe5d59e890d6a') in 0.042238 seconds 
  Import took 0.044618 seconds .

========================================================================
Received Import Request.
  Time since last request: 13.010303 seconds.
  path: Assets/Scripts/Tesseract.cs
  artifactKey: Guid(6f1b70586bb060346a6019c98e199944) Importer(815301076,1909f56bfc062723c751e8b465ee728b)
Start importing Assets/Scripts/Tesseract.cs using Guid(6f1b70586bb060346a6019c98e199944) Importer(815301076,1909f56bfc062723c751e8b465ee728b)  -> (artifact id: '116cc12212aa06cdc2d6c9fc8a80d962') in 0.004000 seconds 
  Import took 0.006295 seconds .

========================================================================
Received Import Request.
  Time since last request: 0.004246 seconds.
  path: Assets/Scripts/Tesseract.cs
  artifactKey: Guid(6f1b70586bb060346a6019c98e199944) Importer(815301076,1909f56bfc062723c751e8b465ee728b)
Start importing Assets/Scripts/Tesseract.cs using Guid(6f1b70586bb060346a6019c98e199944) Importer(815301076,1909f56bfc062723c751e8b465ee728b)  -> (artifact id: '116cc12212aa06cdc2d6c9fc8a80d962') in 0.005577 seconds 
  Import took 0.008232 seconds .

========================================================================
Received Import Request.
  Time since last request: 4.614166 seconds.
  path: Assets/Scripts/Tesseract.cs
  artifactKey: Guid(6f1b70586bb060346a6019c98e199944) Importer(815301076,1909f56bfc062723c751e8b465ee728b)
Start importing Assets/Scripts/Tesseract.cs using Guid(6f1b70586bb060346a6019c98e199944) Importer(815301076,1909f56bfc062723c751e8b465ee728b)  -> (artifact id: 'a180271ae8e4263d57fad265e23187e3') in 0.006293 seconds 
  Import took 0.010291 seconds .

========================================================================
Received Import Request.
  Time since last request: 0.004007 seconds.
  path: Assets/Scripts/Tesseract.cs
  artifactKey: Guid(6f1b70586bb060346a6019c98e199944) Importer(815301076,1909f56bfc062723c751e8b465ee728b)
Start importing Assets/Scripts/Tesseract.cs using Guid(6f1b70586bb060346a6019c98e199944) Importer(815301076,1909f56bfc062723c751e8b465ee728b)  -> (artifact id: 'a180271ae8e4263d57fad265e23187e3') in 0.007057 seconds 
  Import took 0.010088 seconds .

========================================================================
Received Import Request.
  Time since last request: 5.677516 seconds.
  path: Assets/Scripts/Tesseract.cs
  artifactKey: Guid(6f1b70586bb060346a6019c98e199944) Importer(815301076,1909f56bfc062723c751e8b465ee728b)
Start importing Assets/Scripts/Tesseract.cs using Guid(6f1b70586bb060346a6019c98e199944) Importer(815301076,1909f56bfc062723c751e8b465ee728b)  -> (artifact id: '5c0d32664bd20d3728eea273937c16b2') in 0.003673 seconds 
  Import took 0.005921 seconds .

========================================================================
Received Import Request.
  Time since last request: 0.002759 seconds.
  path: Assets/Scripts/Tesseract.cs
  artifactKey: Guid(6f1b70586bb060346a6019c98e199944) Importer(815301076,1909f56bfc062723c751e8b465ee728b)
Start importing Assets/Scripts/Tesseract.cs using Guid(6f1b70586bb060346a6019c98e199944) Importer(815301076,1909f56bfc062723c751e8b465ee728b)  -> (artifact id: '5c0d32664bd20d3728eea273937c16b2') in 0.004514 seconds 
  Import took 0.006773 seconds .

========================================================================
Received Import Request.
  Time since last request: 6.970231 seconds.
  path: Assets/Scripts/Tesseract.cs
  artifactKey: Guid(6f1b70586bb060346a6019c98e199944) Importer(815301076,1909f56bfc062723c751e8b465ee728b)
Start importing Assets/Scripts/Tesseract.cs using Guid(6f1b70586bb060346a6019c98e199944) Importer(815301076,1909f56bfc062723c751e8b465ee728b)  -> (artifact id: '4d0e9d62f43119b60be075cc13cedd55') in 0.004019 seconds 
  Import took 0.006494 seconds .

========================================================================
Received Prepare
Registering precompiled user dll's ...
Registered in 0.002485 seconds.
Begin MonoManager ReloadAssembly
Native extension for WindowsStandalone target not found
Refreshing native plugins compatible for Editor in 0.31 ms, found 2 plugins.
Preloading 0 native plugins for Editor in 0.00 ms.
Mono: successfully reloaded assembly
- Completed reload, in  0.950 seconds
Domain Reload Profiling:
	ReloadAssembly (950ms)
		BeginReloadAssembly (110ms)
			ExecutionOrderSort (0ms)
			DisableScriptedObjects (5ms)
			BackupInstance (0ms)
			ReleaseScriptingObjects (0ms)
			CreateAndSetChildDomain (30ms)
		EndReloadAssembly (782ms)
			LoadAssemblies (78ms)
			RebuildTransferFunctionScriptingTraits (0ms)
			SetupTypeCache (248ms)
			ReleaseScriptCaches (1ms)
			RebuildScriptCaches (40ms)
			SetupLoadedEditorAssemblies (332ms)
				LogAssemblyErrors (0ms)
				InitializePlatformSupportModulesInManaged (5ms)
				SetLoadedEditorAssemblies (0ms)
				RefreshPlugins (0ms)
				BeforeProcessingInitializeOnLoad (65ms)
				ProcessInitializeOnLoadAttributes (250ms)
				ProcessInitializeOnLoadMethodAttributes (4ms)
				AfterProcessingInitializeOnLoad (7ms)
				EditorAssembliesLoaded (0ms)
			ExecutionOrderSort2 (0ms)
			AwakeInstancesAfterBackupRestoration (6ms)
Platform modules already initialized, skipping
Refreshing native plugins compatible for Editor in 0.36 ms, found 2 plugins.
Preloading 0 native plugins for Editor in 0.00 ms.
Unloading 1392 Unused Serialized files (Serialized files now loaded: 0)
System memory in use before: 64.9 MB.
System memory in use after: 65.0 MB.

Unloading 13 unused Assets to reduce memory usage. Loaded Objects now: 1836.
Total: 3.502700 ms (FindLiveObjects: 0.168800 ms CreateObjectMapping: 0.031400 ms MarkObjects: 3.269600 ms  DeleteObjects: 0.031300 ms)

AssetImportParameters requested are different than current active one (requested -> active):
  custom:framework-win-MediaFoundation: 216162199b28c13a410421893ffa2e32 -> 
  custom:video-decoder-ogg-theora: a1e56fd34408186e4bbccfd4996cb3dc -> 
  custom:container-muxer-webm: aa71ff27fc2769a1b78a27578f13a17b -> 
  custom:container-demuxer-webm: 4f35f7cbe854078d1ac9338744f61a02 -> 
  custom:container-demuxer-ogg: 62fdf1f143b41e24485cea50d1cbac27 -> 
  custom:video-encoder-webm-vp8: eb34c28f22e8b96e1ab97ce403110664 -> 
  custom:video-codec-MediaFoundation-h265: 746d11721c4dcdbdad8f713fa42b33f4 -> 
  custom:video-decoder-webm-vp8: 9c59270c3fd7afecdb556c50c9e8de78 -> 
  custom:audio-decoder-ogg-vorbis: bf7c407c2cedff20999df2af8eb42d56 -> 
  custom:audio-encoder-webm-vorbis: bf7c407c2cedff20999df2af8eb42d56 -> 
